<?xml version="1.0" encoding="UTF-8"?>
<testng-results ignored="0" total="2" passed="2" failed="0" skipped="0">
  <reporter-output>
  </reporter-output>
  <suite started-at="2021-01-05T17:23:29 IST" name="Suite" finished-at="2021-01-05T17:24:10 IST" duration-ms="40673">
    <groups>
    </groups>
    <test started-at="2021-01-05T17:23:29 IST" name="Test" finished-at="2021-01-05T17:24:10 IST" duration-ms="40673">
      <class name="testCases.TC_AddCustomerTest_003">
        <test-method is-config="true" signature="setup(java.lang.String)[pri:0, instance:testCases.TC_AddCustomerTest_003@8317c52]" started-at="2021-01-05T17:23:42 IST" name="setup" finished-at="2021-01-05T17:23:49 IST" duration-ms="7354" status="PASS">
          <params>
            <param index="0">
              <value>
                <![CDATA[chrome]]>
              </value>
            </param>
          </params>
          <reporter-output>
          </reporter-output>
        </test-method> <!-- setup -->
        <test-method signature="addNewCustomer()[pri:0, instance:testCases.TC_AddCustomerTest_003@8317c52]" started-at="2021-01-05T17:23:49 IST" name="addNewCustomer" finished-at="2021-01-05T17:24:09 IST" duration-ms="19909" status="PASS">
          <reporter-output>
          </reporter-output>
        </test-method> <!-- addNewCustomer -->
        <test-method is-config="true" signature="tearDown()[pri:0, instance:testCases.TC_AddCustomerTest_003@8317c52]" started-at="2021-01-05T17:24:09 IST" name="tearDown" finished-at="2021-01-05T17:24:10 IST" duration-ms="615" status="PASS">
          <reporter-output>
          </reporter-output>
        </test-method> <!-- tearDown -->
      </class> <!-- testCases.TC_AddCustomerTest_003 -->
      <class name="testCases.TC_LoginTest_001">
        <test-method is-config="true" signature="setup(java.lang.String)[pri:0, instance:testCases.TC_LoginTest_001@78ffe6dc]" started-at="2021-01-05T17:23:29 IST" name="setup" finished-at="2021-01-05T17:23:38 IST" duration-ms="9159" status="PASS">
          <params>
            <param index="0">
              <value>
                <![CDATA[chrome]]>
              </value>
            </param>
          </params>
          <reporter-output>
          </reporter-output>
        </test-method> <!-- setup -->
        <test-method signature="loginTest()[pri:0, instance:testCases.TC_LoginTest_001@78ffe6dc]" started-at="2021-01-05T17:23:38 IST" name="loginTest" finished-at="2021-01-05T17:23:41 IST" duration-ms="2726" status="PASS">
          <reporter-output>
          </reporter-output>
        </test-method> <!-- loginTest -->
        <test-method is-config="true" signature="tearDown()[pri:0, instance:testCases.TC_LoginTest_001@78ffe6dc]" started-at="2021-01-05T17:23:41 IST" name="tearDown" finished-at="2021-01-05T17:23:42 IST" duration-ms="652" status="PASS">
          <reporter-output>
          </reporter-output>
        </test-method> <!-- tearDown -->
      </class> <!-- testCases.TC_LoginTest_001 -->
    </test> <!-- Test -->
  </suite> <!-- Suite -->
</testng-results>
